[INFO ] 2026-04-20 20:41:44.793 [main] MyTestListener - ********************************************
[INFO ] 2026-04-20 20:41:44.801 [main] MyTestListener - ********************************************
[INFO ] 2026-04-20 20:41:44.802 [main] MyTestListener - *****Test Case Start:Invaild_Login_TC02****
[INFO ] 2026-04-20 20:41:44.803 [main] MyTestListener - ********************************************
[INFO ] 2026-04-20 20:41:44.803 [main] MyTestListener - ********************************************
[INFO ] 2026-04-20 20:41:47.535 [main] MyTestListener - ********************************************
[INFO ] 2026-04-20 20:41:47.537 [main] MyTestListener - ********************************************
[INFO ] 2026-04-20 20:41:47.538 [main] MyTestListener - *****Test Case Pass:Invaild_Login_TC02****
[INFO ] 2026-04-20 20:41:47.538 [main] MyTestListener - ********************************************
[INFO ] 2026-04-20 20:41:47.538 [main] MyTestListener - ********************************************
[INFO ] 2026-05-23 09:27:16.508 [main] MyTestListener - ********************************************
[INFO ] 2026-05-23 09:27:16.518 [main] MyTestListener - *****Test Case Start:Invaild_Login_TC02****
[INFO ] 2026-05-23 09:27:16.518 [main] MyTestListener - ********************************************
[INFO ] 2026-05-23 09:27:20.083 [main] MyTestListener - ********************************************
[INFO ] 2026-05-23 09:27:20.085 [main] MyTestListener - *****Test Case Pass:Invaild_Login_TC02****
[INFO ] 2026-05-23 09:27:20.085 [main] MyTestListener - ********************************************
[INFO ] 2026-06-07 13:40:37.754 [main] MyTestListener - ********************************************
[INFO ] 2026-06-07 13:40:37.773 [main] MyTestListener - *****Test Case Start:Invaild_Login_TC02****
[INFO ] 2026-06-07 13:40:37.773 [main] MyTestListener - ********************************************
[INFO ] 2026-06-07 13:40:44.539 [main] MyTestListener - ********************************************
[INFO ] 2026-06-07 13:40:44.541 [main] MyTestListener - *****Test Case Pass:Invaild_Login_TC02****
[INFO ] 2026-06-07 13:40:44.541 [main] MyTestListener - ********************************************
[INFO ] 2026-06-07 13:40:50.829 [main] MyTestListener - ********************************************
[INFO ] 2026-06-07 13:40:50.829 [main] MyTestListener - *****Test Case Start:Login****
[INFO ] 2026-06-07 13:40:50.829 [main] MyTestListener - ********************************************
[INFO ] 2026-06-07 13:40:50.837 [main] MyTestListener - ********************************************
[INFO ] 2026-06-07 13:40:50.837 [main] MyTestListener - *****Test Case Pass:Login****
[INFO ] 2026-06-07 13:40:50.837 [main] MyTestListener - ********************************************
[INFO ] 2026-06-07 13:49:17.601 [main] MyTestListener - ********************************************
[INFO ] 2026-06-07 13:49:17.624 [main] MyTestListener - *****Test Case Start:Invaild_Login_TC02****
[INFO ] 2026-06-07 13:49:17.624 [main] MyTestListener - ********************************************
[INFO ] 2026-06-07 13:50:07.978 [main] MyTestListener - ********************************************
[INFO ] 2026-06-07 13:50:07.984 [main] MyTestListener - *****Test Case Pass:Invaild_Login_TC02****
[INFO ] 2026-06-07 13:50:07.986 [main] MyTestListener - ********************************************
[INFO ] 2026-06-07 13:50:17.756 [main] MyTestListener - ********************************************
[INFO ] 2026-06-07 13:50:17.756 [main] MyTestListener - *****Test Case Start:Login****
[INFO ] 2026-06-07 13:50:17.761 [main] MyTestListener - ********************************************
[INFO ] 2026-06-07 13:50:17.767 [main] MyTestListener - ********************************************
[INFO ] 2026-06-07 13:50:17.767 [main] MyTestListener - *****Test Case Pass:Login****
[INFO ] 2026-06-07 13:50:17.767 [main] MyTestListener - ********************************************
[INFO ] 2026-06-23 21:52:31.057 [main] MyTestListener - ********************************************
[INFO ] 2026-06-23 21:52:31.063 [main] MyTestListener - *****Test Case Start:Invaild_Login_TC02****
[INFO ] 2026-06-23 21:52:31.063 [main] MyTestListener - ********************************************
[INFO ] 2026-06-23 21:52:41.493 [main] MyTestListener - ********************************************
[INFO ] 2026-06-23 21:52:41.494 [main] MyTestListener - *****Test Case Pass:Invaild_Login_TC02****
[INFO ] 2026-06-23 21:52:41.494 [main] MyTestListener - ********************************************
[INFO ] 2026-06-23 21:52:46.784 [main] MyTestListener - ********************************************
[INFO ] 2026-06-23 21:52:46.784 [main] MyTestListener - *****Test Case Start:Login****
[INFO ] 2026-06-23 21:52:46.784 [main] MyTestListener - ********************************************
[INFO ] 2026-06-23 21:52:46.785 [main] MyTestListener - ********************************************
[INFO ] 2026-06-23 21:52:46.785 [main] MyTestListener - *****Test Case Pass:Login****
[INFO ] 2026-06-23 21:52:46.785 [main] MyTestListener - ********************************************
[INFO ] 2026-06-23 21:54:33.537 [main] MyTestListener - ********************************************
[INFO ] 2026-06-23 21:54:33.542 [main] MyTestListener - *****Test Case Start:Invaild_Login_TC02****
[INFO ] 2026-06-23 21:54:33.542 [main] MyTestListener - ********************************************
[INFO ] 2026-06-23 21:54:44.491 [main] MyTestListener - ********************************************
[INFO ] 2026-06-23 21:54:44.491 [main] MyTestListener - *****Test Case Pass:Invaild_Login_TC02****
[INFO ] 2026-06-23 21:54:44.492 [main] MyTestListener - ********************************************
[INFO ] 2026-06-23 21:54:51.525 [main] MyTestListener - ********************************************
[INFO ] 2026-06-23 21:54:51.525 [main] MyTestListener - *****Test Case Start:Login****
[INFO ] 2026-06-23 21:54:51.525 [main] MyTestListener - ********************************************
[INFO ] 2026-06-23 21:54:51.527 [main] MyTestListener - ********************************************
[INFO ] 2026-06-23 21:54:51.527 [main] MyTestListener - *****Test Case Pass:Login****
[INFO ] 2026-06-23 21:54:51.527 [main] MyTestListener - ********************************************
